<?xml version="1.0" encoding="UTF-8"?>
<!-- Generated by org.testng.reporters.JUnitReportReporter -->
<testsuite skipped="0" hostname="JyothiCyril" name="com.qa.DDT.AmazonDDTRunner" tests="6" failures="0" timestamp="2022-03-31T11:08:42 IST" time="315.707" errors="0">
  <testcase name="runScenario" time="45.734" classname="com.qa.DDT.AmazonDDTRunner"/>
  <system-out/>
  <testcase name="runScenario" time="54.306" classname="com.qa.DDT.AmazonDDTRunner"/>
  <system-out/>
  <testcase name="runScenario" time="51.265" classname="com.qa.DDT.AmazonDDTRunner"/>
  <system-out/>
  <testcase name="runScenario" time="55.574" classname="com.qa.DDT.AmazonDDTRunner"/>
  <system-out/>
  <testcase name="runScenario" time="56.233" classname="com.qa.DDT.AmazonDDTRunner"/>
  <system-out/>
  <testcase name="runScenario" time="52.595" classname="com.qa.DDT.AmazonDDTRunner"/>
  <system-out/>
</testsuite> <!-- com.qa.DDT.AmazonDDTRunner -->
