<?xml version="1.0" encoding="UTF-8"?>
<!-- Generated by org.testng.reporters.JUnitReportReporter -->
<testsuite skipped="0" hostname="JyothiCyril" name="com.qa.Amazon.AmazonTestRunner" tests="7" failures="0" timestamp="2022-03-31T11:08:42 IST" time="388.360" errors="0">
  <testcase name="runScenario" time="52.841" classname="com.qa.Amazon.AmazonTestRunner"/>
  <system-out/>
  <testcase name="runScenario" time="53.126" classname="com.qa.Amazon.AmazonTestRunner"/>
  <system-out/>
  <testcase name="runScenario" time="60.281" classname="com.qa.Amazon.AmazonTestRunner"/>
  <system-out/>
  <testcase name="runScenario" time="56.833" classname="com.qa.Amazon.AmazonTestRunner"/>
  <system-out/>
  <testcase name="runScenario" time="64.351" classname="com.qa.Amazon.AmazonTestRunner"/>
  <system-out/>
  <testcase name="runScenario" time="63.946" classname="com.qa.Amazon.AmazonTestRunner"/>
  <system-out/>
  <testcase name="runScenario" time="36.982" classname="com.qa.Amazon.AmazonTestRunner"/>
  <system-out/>
</testsuite> <!-- com.qa.Amazon.AmazonTestRunner -->
